<?xml version="1.0" encoding="UTF-8"?>
<!-- Generated by org.testng.reporters.JUnitXMLReporter -->
<testsuite hostname="DESKTOP-N116C5V" name="Default test" tests="5" failures="0" timestamp="21 Oct 2019 17:13:59 GMT" time="10.66" errors="0">
  <testcase name="CreateCustomerValidateIDKey" time="0.012" classname="com.Test.API.CreateCustomerAPI"/>
  <testcase name="CreateCustomerValidateIDValue" time="0.005" classname="com.Test.API.CreateCustomerAPI"/>
  <testcase name="CreateCustomerWithInValidKey" time="0.002" classname="com.Test.API.CreateCustomerAPI"/>
  <testcase name="CreateCustomerWithValidKey" time="4.418" classname="com.Test.API.CreateCustomerAPI"/>
  <testcase name="CreateCustomerWithValidKey" time="0.725" classname="com.Test.API.CreateCustomerAPI"/>
</testsuite> <!-- Default test -->
